Your results will be stored in: /users/asa30/4thYearImplementation/RF/kiwi-nir-rf-loocv-outputs/58663
Executing job commands, current working directory is /users/asa30/4thYearImplementation/RF
no change     /users/asa30/.local/share/flight/env/conda+asa30c/condabin/conda
no change     /users/asa30/.local/share/flight/env/conda+asa30c/bin/conda
no change     /users/asa30/.local/share/flight/env/conda+asa30c/bin/conda-env
no change     /users/asa30/.local/share/flight/env/conda+asa30c/bin/activate
no change     /users/asa30/.local/share/flight/env/conda+asa30c/bin/deactivate
no change     /users/asa30/.local/share/flight/env/conda+asa30c/etc/profile.d/conda.sh
no change     /users/asa30/.local/share/flight/env/conda+asa30c/etc/fish/conf.d/conda.fish
no change     /users/asa30/.local/share/flight/env/conda+asa30c/shell/condabin/Conda.psm1
no change     /users/asa30/.local/share/flight/env/conda+asa30c/shell/condabin/conda-hook.ps1
no change     /users/asa30/.local/share/flight/env/conda+asa30c/lib/python3.11/site-packages/xontrib/conda.xsh
no change     /users/asa30/.local/share/flight/env/conda+asa30c/etc/profile.d/conda.csh
no change     /users/asa30/.bashrc
No action taken.
Training model for iteration 0
done training
Correct prediction for iteration 0
Training model for iteration 1
done training
Correct prediction for iteration 1
Training model for iteration 2
done training
Correct prediction for iteration 2
Training model for iteration 3
done training
Correct prediction for iteration 3
Training model for iteration 4
done training
Correct prediction for iteration 4
Training model for iteration 5
done training
Correct prediction for iteration 5
Training model for iteration 6
done training
Correct prediction for iteration 6
Training model for iteration 7
done training
Incorrect prediction for iteration 7
Training model for iteration 8
done training
Correct prediction for iteration 8
Training model for iteration 9
done training
Incorrect prediction for iteration 9
Training model for iteration 10
done training
Incorrect prediction for iteration 10
Training model for iteration 11
done training
Incorrect prediction for iteration 11
Training model for iteration 12
done training
Incorrect prediction for iteration 12
Training model for iteration 13
done training
Correct prediction for iteration 13
Training model for iteration 14
done training
Correct prediction for iteration 14
Training model for iteration 15
done training
Correct prediction for iteration 15
Training model for iteration 16
done training
Correct prediction for iteration 16
Training model for iteration 17
done training
Incorrect prediction for iteration 17
Training model for iteration 18
done training
Incorrect prediction for iteration 18
Training model for iteration 19
done training
Correct prediction for iteration 19
Training model for iteration 20
done training
Incorrect prediction for iteration 20
Training model for iteration 21
done training
Incorrect prediction for iteration 21
Training model for iteration 22
done training
Incorrect prediction for iteration 22
Training model for iteration 23
done training
Correct prediction for iteration 23
Training model for iteration 24
done training
Correct prediction for iteration 24
Training model for iteration 25
done training
Correct prediction for iteration 25
Training model for iteration 26
done training
Correct prediction for iteration 26
Training model for iteration 27
done training
Correct prediction for iteration 27
Training model for iteration 28
done training
Incorrect prediction for iteration 28
Training model for iteration 29
done training
Incorrect prediction for iteration 29
Training model for iteration 30
done training
Incorrect prediction for iteration 30
Training model for iteration 31
done training
Correct prediction for iteration 31
Training model for iteration 32
done training
Correct prediction for iteration 32
Training model for iteration 33
done training
Correct prediction for iteration 33
Training model for iteration 34
done training
Correct prediction for iteration 34
Training model for iteration 35
done training
Correct prediction for iteration 35
Training model for iteration 36
done training
Incorrect prediction for iteration 36
Training model for iteration 37
done training
Correct prediction for iteration 37
Training model for iteration 38
done training
Incorrect prediction for iteration 38
Training model for iteration 39
done training
Correct prediction for iteration 39
Training model for iteration 40
done training
Incorrect prediction for iteration 40
Training model for iteration 41
done training
Incorrect prediction for iteration 41
Training model for iteration 42
done training
Correct prediction for iteration 42
Training model for iteration 43
done training
Incorrect prediction for iteration 43
Training model for iteration 44
done training
Incorrect prediction for iteration 44
Training model for iteration 45
done training
Correct prediction for iteration 45
Training model for iteration 46
done training
Incorrect prediction for iteration 46
Training model for iteration 47
done training
Correct prediction for iteration 47
Training model for iteration 48
done training
Correct prediction for iteration 48
Training model for iteration 49
done training
Incorrect prediction for iteration 49
Training model for iteration 50
done training
Incorrect prediction for iteration 50
Training model for iteration 51
done training
Incorrect prediction for iteration 51
Training model for iteration 52
done training
Incorrect prediction for iteration 52
Training model for iteration 53
done training
Correct prediction for iteration 53
Training model for iteration 54
done training
Correct prediction for iteration 54
Training model for iteration 55
done training
Correct prediction for iteration 55
Training model for iteration 56
done training
Correct prediction for iteration 56
Training model for iteration 57
done training
Correct prediction for iteration 57
Training model for iteration 58
done training
Correct prediction for iteration 58
Training model for iteration 59
done training
Correct prediction for iteration 59
Training model for iteration 60
done training
Correct prediction for iteration 60
Training model for iteration 61
done training
Incorrect prediction for iteration 61
Training model for iteration 62
done training
Incorrect prediction for iteration 62
Training model for iteration 63
done training
Correct prediction for iteration 63
Training model for iteration 64
done training
Correct prediction for iteration 64
Training model for iteration 65
done training
Correct prediction for iteration 65
Training model for iteration 66
done training
Correct prediction for iteration 66
Training model for iteration 67
done training
Correct prediction for iteration 67
Training model for iteration 68
done training
Correct prediction for iteration 68
Training model for iteration 69
done training
Correct prediction for iteration 69
Training model for iteration 70
done training
Correct prediction for iteration 70
Training model for iteration 71
done training
Correct prediction for iteration 71
Training model for iteration 72
done training
Incorrect prediction for iteration 72
Training model for iteration 73
done training
Correct prediction for iteration 73
Training model for iteration 74
done training
Incorrect prediction for iteration 74
Training model for iteration 75
done training
Incorrect prediction for iteration 75
Accuracy: 0.618421052631579
